[init] Device: mps
[init] Dataset: 404 keyframes across 10 scenes
[ckpt] sparse4d_vl/model/checkpoints/sparse4dv3_r50.pth
       mapped=1142  missing=61  unexpected=0
       (missing keys expected for unshared/optional modules)
[init] Checkpoint loaded: sparse4d_vl/model/checkpoints/sparse4dv3_r50.pth
[init] Params — total: 53.5M  trainable: 53.2M  (stem+layer1 + all BN frozen)
[init] PLANNING-ONLY: detector frozen, training motion/ego heads (1.54M params)
[init] building motion/ego anchors (kmeans over GT futures)...
[init] DN groups=0  depth=off  motion=off  planning=on  quality cns/yns weights=1.0/1.0

[train] 6 epochs (2424 steps)

============================================================
Epoch 00 / 5
============================================================
  epoch 00 | step 00020 | loss 7.0086 (det 2.4105  dn 0.0000  depth 0.0000  motion 0.0000  motion 0.939  plan 3.659) | lr 1.98e-05 | 1.56 fr/s
  epoch 00 | step 00040 | loss 12.4394 (det 2.1277  dn 0.0000  depth 0.0000  motion 0.0000  motion 4.166  plan 6.146) | lr 3.96e-05 | 1.61 fr/s
  epoch 00 | step 00060 | loss 6.6629 (det 2.1822  dn 0.0000  depth 0.0000  motion 0.0000  motion 1.171  plan 3.310) | lr 5.94e-05 | 1.61 fr/s
  epoch 00 | step 00080 | loss 15.9908 (det 3.3685  dn 0.0000  depth 0.0000  motion 0.0000  motion 3.607  plan 9.015) | lr 7.92e-05 | 1.63 fr/s
  epoch 00 | step 00100 | loss 13.9798 (det 3.7331  dn 0.0000  depth 0.0000  motion 0.0000  motion 1.636  plan 8.611) | lr 9.90e-05 | 1.65 fr/s
  epoch 00 | step 00120 | loss 3.8312 (det 3.8312  dn 0.0000  depth 0.0000  motion 0.0000  motion 0.000  plan 0.000) | lr 1.19e-04 | 1.67 fr/s
  epoch 00 | step 00140 | loss 4.8342 (det 1.6485  dn 0.0000  depth 0.0000  motion 0.0000  motion 0.196  plan 2.989) | lr 1.39e-04 | 1.69 fr/s
  epoch 00 | step 00160 | loss 1.9321 (det 1.4396  dn 0.0000  depth 0.0000  motion 0.0000  motion 0.213  plan 0.279) | lr 1.58e-04 | 1.70 fr/s
  epoch 00 | step 00180 | loss 12.7357 (det 1.4241  dn 0.0000  depth 0.0000  motion 0.0000  motion 1.913  plan 9.399) | lr 1.78e-04 | 1.71 fr/s
  epoch 00 | step 00200 | loss 4.8736 (det 1.5402  dn 0.0000  depth 0.0000  motion 0.0000  motion 0.337  plan 2.996) | lr 1.98e-04 | 1.72 fr/s
  epoch 00 | step 00220 | loss 16.3817 (det 2.5616  dn 0.0000  depth 0.0000  motion 0.0000  motion 2.575  plan 11.245) | lr 2.00e-04 | 1.71 fr/s
  epoch 00 | step 00240 | loss 9.2234 (det 2.8423  dn 0.0000  depth 0.0000  motion 0.0000  motion 2.136  plan 4.245) | lr 2.00e-04 | 1.71 fr/s
  epoch 00 | step 00260 | loss 4.2282 (det 1.7802  dn 0.0000  depth 0.0000  motion 0.0000  motion 0.192  plan 2.256) | lr 2.00e-04 | 1.71 fr/s
  epoch 00 | step 00280 | loss 4.1489 (det 1.2838  dn 0.0000  depth 0.0000  motion 0.0000  motion 0.142  plan 2.723) | lr 1.99e-04 | 1.70 fr/s
  epoch 00 | step 00300 | loss 18.9940 (det 2.5620  dn 0.0000  depth 0.0000  motion 0.0000  motion 4.132  plan 12.300) | lr 1.99e-04 | 1.71 fr/s
  epoch 00 | step 00320 | loss 16.2590 (det 3.3251  dn 0.0000  depth 0.0000  motion 0.0000  motion 2.861  plan 10.073) | lr 1.99e-04 | 1.70 fr/s
  epoch 00 | step 00340 | loss 4.6601 (det 1.4741  dn 0.0000  depth 0.0000  motion 0.0000  motion 1.244  plan 1.942) | lr 1.98e-04 | 1.70 fr/s
  epoch 00 | step 00360 | loss 7.4818 (det 1.4342  dn 0.0000  depth 0.0000  motion 0.0000  motion 1.296  plan 4.752) | lr 1.98e-04 | 1.70 fr/s
  epoch 00 | step 00380 | loss 15.3797 (det 1.5466  dn 0.0000  depth 0.0000  motion 0.0000  motion 2.754  plan 11.079) | lr 1.97e-04 | 1.71 fr/s
  epoch 00 | step 00400 | loss 7.4583 (det 1.5311  dn 0.0000  depth 0.0000  motion 0.0000  motion 0.730  plan 5.198) | lr 1.96e-04 | 1.71 fr/s
  [SD motion] minADE 0.901  minFDE 1.603  MR 0.176
  [plan] L2@1s 4.042 @2s 7.457 @3s 10.587  col@1s 0.168 @2s 0.059 @3s 0.015

[epoch 00] mean_loss = 10.6478

[ckpt] Saved → checkpoints/train_v3_plan4/epoch_00.pt
============================================================
Epoch 01 / 5
============================================================
  epoch 01 | step 00420 | loss 6.4032 (det 2.5347  dn 0.0000  depth 0.0000  motion 0.0000  motion 0.399  plan 3.470) | lr 1.95e-04 | 1.70 fr/s
  epoch 01 | step 00440 | loss 3.7296 (det 1.9273  dn 0.0000  depth 0.0000  motion 0.0000  motion 0.186  plan 1.616) | lr 1.94e-04 | 1.71 fr/s
  epoch 01 | step 00460 | loss 7.4367 (det 2.0622  dn 0.0000  depth 0.0000  motion 0.0000  motion 0.993  plan 4.381) | lr 1.93e-04 | 1.73 fr/s
  epoch 01 | step 00480 | loss 5.1153 (det 1.5366  dn 0.0000  depth 0.0000  motion 0.0000  motion 0.322  plan 3.257) | lr 1.92e-04 | 1.73 fr/s
  epoch 01 | step 00500 | loss 14.6774 (det 3.9026  dn 0.0000  depth 0.0000  motion 0.0000  motion 2.761  plan 8.014) | lr 1.91e-04 | 1.75 fr/s
  epoch 01 | step 00520 | loss 6.7723 (det 3.8616  dn 0.0000  depth 0.0000  motion 0.0000  motion 0.510  plan 2.400) | lr 1.90e-04 | 1.76 fr/s
  epoch 01 | step 00540 | loss 4.7577 (det 1.5550  dn 0.0000  depth 0.0000  motion 0.0000  motion 0.311  plan 2.891) | lr 1.89e-04 | 1.76 fr/s
  epoch 01 | step 00560 | loss 2.7354 (det 1.9901  dn 0.0000  depth 0.0000  motion 0.0000  motion 0.188  plan 0.557) | lr 1.87e-04 | 1.76 fr/s
  epoch 01 | step 00580 | loss 12.6483 (det 1.0825  dn 0.0000  depth 0.0000  motion 0.0000  motion 1.845  plan 9.721) | lr 1.86e-04 | 1.77 fr/s
  epoch 01 | step 00600 | loss 9.2970 (det 1.9483  dn 0.0000  depth 0.0000  motion 0.0000  motion 0.589  plan 6.760) | lr 1.85e-04 | 1.77 fr/s
  epoch 01 | step 00620 | loss 18.7934 (det 2.8507  dn 0.0000  depth 0.0000  motion 0.0000  motion 2.554  plan 13.389) | lr 1.83e-04 | 1.77 fr/s
  epoch 01 | step 00640 | loss 15.4212 (det 2.2412  dn 0.0000  depth 0.0000  motion 0.0000  motion 2.091  plan 11.089) | lr 1.81e-04 | 1.77 fr/s
  epoch 01 | step 00660 | loss 6.0341 (det 1.6717  dn 0.0000  depth 0.0000  motion 0.0000  motion 0.286  plan 4.076) | lr 1.80e-04 | 1.77 fr/s
  epoch 01 | step 00680 | loss 5.1251 (det 1.2855  dn 0.0000  depth 0.0000  motion 0.0000  motion 0.110  plan 3.730) | lr 1.78e-04 | 1.77 fr/s
  epoch 01 | step 00700 | loss 20.5857 (det 2.1882  dn 0.0000  depth 0.0000  motion 0.0000  motion 7.484  plan 10.914) | lr 1.76e-04 | 1.77 fr/s
  epoch 01 | step 00720 | loss 20.1656 (det 3.0597  dn 0.0000  depth 0.0000  motion 0.0000  motion 3.700  plan 13.406) | lr 1.74e-04 | 1.77 fr/s
  epoch 01 | step 00740 | loss 9.4763 (det 1.4506  dn 0.0000  depth 0.0000  motion 0.0000  motion 1.269  plan 6.757) | lr 1.72e-04 | 1.77 fr/s
  epoch 01 | step 00760 | loss 7.2268 (det 1.4862  dn 0.0000  depth 0.0000  motion 0.0000  motion 1.165  plan 4.576) | lr 1.70e-04 | 1.77 fr/s
  epoch 01 | step 00780 | loss 12.6857 (det 1.5693  dn 0.0000  depth 0.0000  motion 0.0000  motion 2.288  plan 8.828) | lr 1.68e-04 | 1.77 fr/s
  epoch 01 | step 00800 | loss 10.0939 (det 1.8019  dn 0.0000  depth 0.0000  motion 0.0000  motion 0.938  plan 7.354) | lr 1.66e-04 | 1.78 fr/s
  [SD motion] minADE 0.856  minFDE 1.537  MR 0.176
  [plan] L2@1s 3.716 @2s 7.063 @3s 10.287  col@1s 0.267 @2s 0.072 @3s 0.040

[epoch 01] mean_loss = 10.2658

[ckpt] Saved → checkpoints/train_v3_plan4/epoch_01.pt
============================================================
Epoch 02 / 5
============================================================
  epoch 02 | step 00820 | loss 5.0912 (det 2.6672  dn 0.0000  depth 0.0000  motion 0.0000  motion 0.677  plan 1.747) | lr 1.64e-04 | 1.73 fr/s
  epoch 02 | step 00840 | loss 4.4238 (det 2.0428  dn 0.0000  depth 0.0000  motion 0.0000  motion 0.239  plan 2.142) | lr 1.62e-04 | 1.73 fr/s
  epoch 02 | step 00860 | loss 4.1600 (det 1.5282  dn 0.0000  depth 0.0000  motion 0.0000  motion 1.130  plan 1.502) | lr 1.60e-04 | 1.72 fr/s
  epoch 02 | step 00880 | loss 9.0060 (det 1.7709  dn 0.0000  depth 0.0000  motion 0.0000  motion 0.601  plan 6.635) | lr 1.57e-04 | 1.73 fr/s
  epoch 02 | step 00900 | loss 12.5130 (det 3.8477  dn 0.0000  depth 0.0000  motion 0.0000  motion 1.753  plan 6.912) | lr 1.55e-04 | 1.74 fr/s
  epoch 02 | step 00920 | loss 8.6082 (det 3.6950  dn 0.0000  depth 0.0000  motion 0.0000  motion 0.937  plan 3.977) | lr 1.53e-04 | 1.76 fr/s
  epoch 02 | step 00940 | loss 11.7698 (det 1.7322  dn 0.0000  depth 0.0000  motion 0.0000  motion 0.272  plan 9.765) | lr 1.50e-04 | 1.76 fr/s
  epoch 02 | step 00960 | loss 4.6825 (det 2.0535  dn 0.0000  depth 0.0000  motion 0.0000  motion 0.792  plan 1.837) | lr 1.48e-04 | 1.76 fr/s
  epoch 02 | step 00980 | loss 10.3472 (det 1.0659  dn 0.0000  depth 0.0000  motion 0.0000  motion 2.412  plan 6.869) | lr 1.45e-04 | 1.77 fr/s
  epoch 02 | step 01000 | loss 9.4792 (det 1.4643  dn 0.0000  depth 0.0000  motion 0.0000  motion 0.645  plan 7.370) | lr 1.43e-04 | 1.77 fr/s
  epoch 02 | step 01020 | loss 16.4764 (det 2.5643  dn 0.0000  depth 0.0000  motion 0.0000  motion 2.684  plan 11.228) | lr 1.40e-04 | 1.78 fr/s
  epoch 02 | step 01040 | loss 17.2754 (det 2.9792  dn 0.0000  depth 0.0000  motion 0.0000  motion 4.432  plan 9.864) | lr 1.38e-04 | 1.78 fr/s
  epoch 02 | step 01060 | loss 3.4158 (det 1.5639  dn 0.0000  depth 0.0000  motion 0.0000  motion 0.692  plan 1.160) | lr 1.35e-04 | 1.78 fr/s
  epoch 02 | step 01080 | loss 4.3442 (det 1.3502  dn 0.0000  depth 0.0000  motion 0.0000  motion 0.113  plan 2.881) | lr 1.32e-04 | 1.78 fr/s
  epoch 02 | step 01100 | loss 7.9103 (det 2.1183  dn 0.0000  depth 0.0000  motion 0.0000  motion 3.813  plan 1.979) | lr 1.30e-04 | 1.78 fr/s
  epoch 02 | step 01120 | loss 7.6591 (det 2.5919  dn 0.0000  depth 0.0000  motion 0.0000  motion 3.378  plan 1.689) | lr 1.27e-04 | 1.78 fr/s
  epoch 02 | step 01140 | loss 9.6030 (det 1.5899  dn 0.0000  depth 0.0000  motion 0.0000  motion 1.679  plan 6.334) | lr 1.24e-04 | 1.78 fr/s
  epoch 02 | step 01160 | loss 4.6078 (det 1.4883  dn 0.0000  depth 0.0000  motion 0.0000  motion 2.115  plan 1.005) | lr 1.21e-04 | 1.78 fr/s
  epoch 02 | step 01180 | loss 10.9971 (det 1.2798  dn 0.0000  depth 0.0000  motion 0.0000  motion 1.812  plan 7.905) | lr 1.19e-04 | 1.78 fr/s
  epoch 02 | step 01200 | loss 7.4617 (det 1.6894  dn 0.0000  depth 0.0000  motion 0.0000  motion 1.462  plan 4.311) | lr 1.16e-04 | 1.79 fr/s
  [SD motion] minADE 0.845  minFDE 1.517  MR 0.176
  [plan] L2@1s 3.192 @2s 5.911 @3s 8.963  col@1s 0.262 @2s 0.114 @3s 0.037

[epoch 02] mean_loss = 9.2552

[ckpt] Saved → checkpoints/train_v3_plan4/epoch_02.pt
============================================================
Epoch 03 / 5
============================================================
  epoch 03 | step 01220 | loss 5.1139 (det 2.7502  dn 0.0000  depth 0.0000  motion 0.0000  motion 0.644  plan 1.720) | lr 1.13e-04 | 1.68 fr/s
  epoch 03 | step 01240 | loss 6.2573 (det 2.1120  dn 0.0000  depth 0.0000  motion 0.0000  motion 0.266  plan 3.880) | lr 1.10e-04 | 1.71 fr/s
  epoch 03 | step 01260 | loss 13.5344 (det 1.5899  dn 0.0000  depth 0.0000  motion 0.0000  motion 1.168  plan 10.777) | lr 1.07e-04 | 1.72 fr/s
  epoch 03 | step 01280 | loss 7.0191 (det 1.7846  dn 0.0000  depth 0.0000  motion 0.0000  motion 1.102  plan 4.132) | lr 1.05e-04 | 1.73 fr/s
  epoch 03 | step 01300 | loss 15.2673 (det 4.0028  dn 0.0000  depth 0.0000  motion 0.0000  motion 2.119  plan 9.146) | lr 1.02e-04 | 1.74 fr/s
  epoch 03 | step 01320 | loss 6.1198 (det 3.6414  dn 0.0000  depth 0.0000  motion 0.0000  motion 1.094  plan 1.384) | lr 9.90e-05 | 1.75 fr/s
  epoch 03 | step 01340 | loss 4.2453 (det 1.9506  dn 0.0000  depth 0.0000  motion 0.0000  motion 0.430  plan 1.865) | lr 9.62e-05 | 1.76 fr/s
  epoch 03 | step 01360 | loss 11.2813 (det 1.7347  dn 0.0000  depth 0.0000  motion 0.0000  motion 0.220  plan 9.327) | lr 9.34e-05 | 1.76 fr/s
  epoch 03 | step 01380 | loss 12.2309 (det 1.2308  dn 0.0000  depth 0.0000  motion 0.0000  motion 1.754  plan 9.246) | lr 9.05e-05 | 1.76 fr/s
  epoch 03 | step 01400 | loss 3.5166 (det 1.6555  dn 0.0000  depth 0.0000  motion 0.0000  motion 0.672  plan 1.189) | lr 8.77e-05 | 1.76 fr/s
  epoch 03 | step 01420 | loss 18.8658 (det 2.0295  dn 0.0000  depth 0.0000  motion 0.0000  motion 6.714  plan 10.122) | lr 8.49e-05 | 1.77 fr/s
  epoch 03 | step 01440 | loss 22.7255 (det 1.9104  dn 0.0000  depth 0.0000  motion 0.0000  motion 3.800  plan 17.015) | lr 8.21e-05 | 1.77 fr/s
  epoch 03 | step 01460 | loss 7.3795 (det 1.9540  dn 0.0000  depth 0.0000  motion 0.0000  motion 0.579  plan 4.846) | lr 7.94e-05 | 1.76 fr/s
  epoch 03 | step 01480 | loss 5.5364 (det 1.4655  dn 0.0000  depth 0.0000  motion 0.0000  motion 0.228  plan 3.843) | lr 7.66e-05 | 1.76 fr/s
  epoch 03 | step 01500 | loss 15.0194 (det 2.0703  dn 0.0000  depth 0.0000  motion 0.0000  motion 5.796  plan 7.153) | lr 7.39e-05 | 1.76 fr/s
  epoch 03 | step 01520 | loss 21.3457 (det 2.5297  dn 0.0000  depth 0.0000  motion 0.0000  motion 3.370  plan 15.446) | lr 7.11e-05 | 1.76 fr/s
  epoch 03 | step 01540 | loss 11.6519 (det 1.7265  dn 0.0000  depth 0.0000  motion 0.0000  motion 1.369  plan 8.557) | lr 6.85e-05 | 1.76 fr/s
  epoch 03 | step 01560 | loss 10.5680 (det 1.7394  dn 0.0000  depth 0.0000  motion 0.0000  motion 1.731  plan 7.097) | lr 6.58e-05 | 1.76 fr/s
  epoch 03 | step 01580 | loss 21.7177 (det 1.4305  dn 0.0000  depth 0.0000  motion 0.0000  motion 2.277  plan 18.010) | lr 6.31e-05 | 1.76 fr/s
  epoch 03 | step 01600 | loss 12.9758 (det 1.9678  dn 0.0000  depth 0.0000  motion 0.0000  motion 2.477  plan 8.531) | lr 6.05e-05 | 1.76 fr/s
  [SD motion] minADE 0.839  minFDE 1.510  MR 0.173
  [plan] L2@1s 3.279 @2s 5.934 @3s 8.545  col@1s 0.240 @2s 0.173 @3s 0.134

[epoch 03] mean_loss = 9.3651

[ckpt] Saved → checkpoints/train_v3_plan4/epoch_03.pt
============================================================
Epoch 04 / 5
============================================================
  epoch 04 | step 01620 | loss 7.3889 (det 2.9606  dn 0.0000  depth 0.0000  motion 0.0000  motion 0.698  plan 3.730) | lr 5.79e-05 | 1.74 fr/s
  epoch 04 | step 01640 | loss 6.6264 (det 2.2801  dn 0.0000  depth 0.0000  motion 0.0000  motion 0.243  plan 4.103) | lr 5.54e-05 | 1.73 fr/s
  epoch 04 | step 01660 | loss 11.0145 (det 1.8311  dn 0.0000  depth 0.0000  motion 0.0000  motion 1.197  plan 7.987) | lr 5.29e-05 | 1.74 fr/s
  epoch 04 | step 01680 | loss 3.0034 (det 2.0009  dn 0.0000  depth 0.0000  motion 0.0000  motion 0.583  plan 0.419) | lr 5.04e-05 | 1.75 fr/s
  epoch 04 | step 01700 | loss 14.6058 (det 4.0987  dn 0.0000  depth 0.0000  motion 0.0000  motion 2.102  plan 8.405) | lr 4.80e-05 | 1.75 fr/s
  epoch 04 | step 01720 | loss 12.3319 (det 3.8758  dn 0.0000  depth 0.0000  motion 0.0000  motion 1.150  plan 7.306) | lr 4.56e-05 | 1.75 fr/s
  epoch 04 | step 01740 | loss 7.6872 (det 1.7881  dn 0.0000  depth 0.0000  motion 0.0000  motion 0.600  plan 5.299) | lr 4.32e-05 | 1.75 fr/s
  epoch 04 | step 01760 | loss 5.5036 (det 1.7554  dn 0.0000  depth 0.0000  motion 0.0000  motion 0.108  plan 3.641) | lr 4.09e-05 | 1.75 fr/s
  epoch 04 | step 01780 | loss 3.3585 (det 1.0912  dn 0.0000  depth 0.0000  motion 0.0000  motion 2.024  plan 0.243) | lr 3.87e-05 | 1.74 fr/s
  epoch 04 | step 01800 | loss 8.2032 (det 1.2526  dn 0.0000  depth 0.0000  motion 0.0000  motion 1.206  plan 5.744) | lr 3.65e-05 | 1.75 fr/s
  epoch 04 | step 01820 | loss 22.9710 (det 2.3730  dn 0.0000  depth 0.0000  motion 0.0000  motion 4.457  plan 16.141) | lr 3.43e-05 | 1.75 fr/s
  epoch 04 | step 01840 | loss 18.6810 (det 2.4331  dn 0.0000  depth 0.0000  motion 0.0000  motion 4.810  plan 11.438) | lr 3.22e-05 | 1.75 fr/s
  epoch 04 | step 01860 | loss 7.5501 (det 1.6608  dn 0.0000  depth 0.0000  motion 0.0000  motion 0.562  plan 5.327) | lr 3.01e-05 | 1.75 fr/s
  epoch 04 | step 01880 | loss 6.1948 (det 1.6955  dn 0.0000  depth 0.0000  motion 0.0000  motion 0.238  plan 4.261) | lr 2.81e-05 | 1.75 fr/s
  epoch 04 | step 01900 | loss 12.3814 (det 1.2810  dn 0.0000  depth 0.0000  motion 0.0000  motion 5.129  plan 5.971) | lr 2.62e-05 | 1.75 fr/s
  epoch 04 | step 01920 | loss 21.6030 (det 2.8698  dn 0.0000  depth 0.0000  motion 0.0000  motion 4.131  plan 14.602) | lr 2.43e-05 | 1.75 fr/s
  epoch 04 | step 01940 | loss 3.1229 (det 3.1229  dn 0.0000  depth 0.0000  motion 0.0000  motion -0.000  plan 0.000) | lr 2.25e-05 | 1.75 fr/s
  epoch 04 | step 01960 | loss 4.2364 (det 1.6021  dn 0.0000  depth 0.0000  motion 0.0000  motion 1.510  plan 1.124) | lr 2.08e-05 | 1.75 fr/s
  epoch 04 | step 01980 | loss 2.5154 (det 2.5154  dn 0.0000  depth 0.0000  motion 0.0000  motion -0.000  plan 0.000) | lr 1.91e-05 | 1.74 fr/s
  epoch 04 | step 02000 | loss 9.9096 (det 1.7202  dn 0.0000  depth 0.0000  motion 0.0000  motion 3.512  plan 4.677) | lr 1.74e-05 | 1.75 fr/s
  epoch 04 | step 02020 | loss 1.4042 (det 1.4042  dn 0.0000  depth 0.0000  motion 0.0000  motion 0.000  plan 0.000) | lr 1.59e-05 | 1.75 fr/s
  [SD motion] minADE 0.845  minFDE 1.521  MR 0.172
  [plan] L2@1s 3.535 @2s 6.684 @3s 9.612  col@1s 0.186 @2s 0.069 @3s 0.025

[epoch 04] mean_loss = 9.7483

[ckpt] Saved → checkpoints/train_v3_plan4/epoch_04.pt
============================================================
Epoch 05 / 5
============================================================
  epoch 05 | step 02040 | loss 6.2636 (det 2.4522  dn 0.0000  depth 0.0000  motion 0.0000  motion 0.307  plan 3.505) | lr 1.44e-05 | 1.68 fr/s
  epoch 05 | step 02060 | loss 15.6576 (det 2.0406  dn 0.0000  depth 0.0000  motion 0.0000  motion 4.377  plan 9.240) | lr 1.30e-05 | 1.70 fr/s
  epoch 05 | step 02080 | loss 9.7438 (det 2.2387  dn 0.0000  depth 0.0000  motion 0.0000  motion 0.861  plan 6.644) | lr 1.16e-05 | 1.71 fr/s
  epoch 05 | step 02100 | loss 12.9177 (det 3.4181  dn 0.0000  depth 0.0000  motion 0.0000  motion 3.520  plan 5.980) | lr 1.03e-05 | 1.72 fr/s
  epoch 05 | step 02120 | loss 11.4057 (det 3.6732  dn 0.0000  depth 0.0000  motion 0.0000  motion 1.677  plan 6.056) | lr 9.10e-06 | 1.74 fr/s
  epoch 05 | step 02140 | loss 3.7635 (det 3.7635  dn 0.0000  depth 0.0000  motion 0.0000  motion 0.000  plan 0.000) | lr 7.95e-06 | 1.75 fr/s
  epoch 05 | step 02160 | loss 2.2592 (det 1.6122  dn 0.0000  depth 0.0000  motion 0.0000  motion 0.117  plan 0.530) | lr 6.89e-06 | 1.75 fr/s
  epoch 05 | step 02180 | loss 3.8707 (det 1.4531  dn 0.0000  depth 0.0000  motion 0.0000  motion 0.126  plan 2.292) | lr 5.89e-06 | 1.74 fr/s
  epoch 05 | step 02200 | loss 6.8760 (det 1.4203  dn 0.0000  depth 0.0000  motion 0.0000  motion 1.535  plan 3.921) | lr 4.97e-06 | 1.73 fr/s
  epoch 05 | step 02220 | loss 3.6783 (det 1.4840  dn 0.0000  depth 0.0000  motion 0.0000  motion 0.238  plan 1.957) | lr 4.13e-06 | 1.73 fr/s
  epoch 05 | step 02240 | loss 12.4753 (det 2.7107  dn 0.0000  depth 0.0000  motion 0.0000  motion 2.154  plan 7.611) | lr 3.36e-06 | 1.73 fr/s
  epoch 05 | step 02260 | loss 6.2910 (det 2.9891  dn 0.0000  depth 0.0000  motion 0.0000  motion 2.012  plan 1.290) | lr 2.68e-06 | 1.74 fr/s
  epoch 05 | step 02280 | loss 6.5289 (det 1.7423  dn 0.0000  depth 0.0000  motion 0.0000  motion 0.246  plan 4.541) | lr 2.07e-06 | 1.73 fr/s
  epoch 05 | step 02300 | loss 2.0507 (det 1.2752  dn 0.0000  depth 0.0000  motion 0.0000  motion 0.170  plan 0.605) | lr 1.53e-06 | 1.73 fr/s
  epoch 05 | step 02320 | loss 19.4297 (det 2.5468  dn 0.0000  depth 0.0000  motion 0.0000  motion 4.107  plan 12.776) | lr 1.08e-06 | 1.73 fr/s
  epoch 05 | step 02340 | loss 19.0024 (det 3.3448  dn 0.0000  depth 0.0000  motion 0.0000  motion 2.211  plan 13.447) | lr 7.04e-07 | 1.73 fr/s
  epoch 05 | step 02360 | loss 4.9511 (det 1.4669  dn 0.0000  depth 0.0000  motion 0.0000  motion 1.316  plan 2.168) | lr 4.09e-07 | 1.73 fr/s
  epoch 05 | step 02380 | loss 8.5117 (det 1.6544  dn 0.0000  depth 0.0000  motion 0.0000  motion 0.965  plan 5.892) | lr 1.93e-07 | 1.73 fr/s
  epoch 05 | step 02400 | loss 7.7180 (det 1.5326  dn 0.0000  depth 0.0000  motion 0.0000  motion 2.729  plan 3.457) | lr 5.76e-08 | 1.73 fr/s
  epoch 05 | step 02420 | loss 5.2544 (det 1.5434  dn 0.0000  depth 0.0000  motion 0.0000  motion 0.571  plan 3.140) | lr 1.60e-09 | 1.74 fr/s
  [SD motion] minADE 0.836  minFDE 1.508  MR 0.169
  [plan] L2@1s 3.033 @2s 5.655 @3s 8.082  col@1s 0.176 @2s 0.097 @3s 0.062

[epoch 05] mean_loss = 8.8390

[ckpt] Saved → checkpoints/train_v3_plan4/epoch_05.pt

[done] Checkpoints in checkpoints/train_v3_plan4
/Users/trish/VLMProjects/sparse4d_vldrive/train_v3.py:206: UserWarning: Converting a tensor with requires_grad=True to a scalar may lead to unexpected behavior.
Consider using tensor.detach() first. (Triggered internally at /Users/runner/work/pytorch/pytorch/torch/csrc/autograd/generated/python_variable_methods.cpp:839.)
  total_plan += float(plan_loss) + float(sd_mot_loss)


